{"ts":"2026-03-12T19:16:33.175Z","level":"info","msg":"file-logger:init","logFile":"C:\\Users\\ccres\\OneDrive\\Desktop\\cacc-writer\\logs\\cacc-2026-03-12.log"}
{"ts":"2026-03-12T19:16:33.175Z","level":"info","msg":"audit-logger:init","status":"ready"}
{"ts":"2026-03-12T19:16:33.623Z","level":"info","msg":"http","method":"GET","path":"/health","status":200,"ms":3}
{"ts":"2026-03-12T19:16:33.646Z","level":"info","msg":"http","method":"POST","path":"/","status":200,"ms":8}
{"ts":"2026-03-12T19:16:33.687Z","level":"info","msg":"http","method":"GET","path":"/92720a82/workspace","status":200,"ms":26}
{"ts":"2026-03-12T19:16:33.694Z","level":"info","msg":"http","method":"DELETE","path":"/92720a82","status":200,"ms":2}
{"ts":"2026-03-12T19:16:33.698Z","level":"info","msg":"http","method":"POST","path":"/","status":200,"ms":2}
{"ts":"2026-03-12T19:16:33.702Z","level":"info","msg":"http","method":"POST","path":"/","status":200,"ms":2}
{"ts":"2026-03-12T19:16:33.705Z","level":"info","msg":"http","method":"GET","path":"/cf3c232d/insertion-runs","status":200,"ms":1}
{"ts":"2026-03-12T19:16:33.708Z","level":"info","msg":"http","method":"GET","path":"/cf3c232d/insertion-runs/irun_fa01243c-bd3","status":200,"ms":1}
{"ts":"2026-03-12T19:16:33.710Z","level":"info","msg":"http","method":"GET","path":"/cf3c232d/insertion-runs/irun_fa01243c-bd3/replay-package","status":200,"ms":1}
{"ts":"2026-03-12T19:16:33.712Z","level":"info","msg":"http","method":"GET","path":"/89b5f55a/insertion-runs/irun_fa01243c-bd3","status":404,"ms":1}
{"ts":"2026-03-12T19:16:33.714Z","level":"info","msg":"http","method":"DELETE","path":"/cf3c232d","status":200,"ms":1}
{"ts":"2026-03-12T19:16:33.717Z","level":"info","msg":"http","method":"DELETE","path":"/89b5f55a","status":200,"ms":2}
{"ts":"2026-03-12T19:23:48.749Z","level":"info","msg":"file-logger:init","logFile":"C:\\Users\\ccres\\OneDrive\\Desktop\\cacc-writer\\logs\\cacc-2026-03-12.log"}
{"ts":"2026-03-12T19:23:48.749Z","level":"info","msg":"audit-logger:init","status":"ready"}
{"ts":"2026-03-12T19:23:49.140Z","level":"info","msg":"http","method":"GET","path":"/health","status":200,"ms":4}
{"ts":"2026-03-12T19:23:49.160Z","level":"info","msg":"http","method":"POST","path":"/","status":200,"ms":4}
{"ts":"2026-03-12T19:23:49.197Z","level":"info","msg":"http","method":"GET","path":"/c558b463/workspace","status":200,"ms":24}
{"ts":"2026-03-12T19:23:49.205Z","level":"info","msg":"http","method":"DELETE","path":"/c558b463","status":200,"ms":3}
{"ts":"2026-03-12T19:23:49.208Z","level":"info","msg":"http","method":"POST","path":"/","status":200,"ms":1}
{"ts":"2026-03-12T19:23:49.212Z","level":"info","msg":"http","method":"POST","path":"/","status":200,"ms":1}
{"ts":"2026-03-12T19:23:49.216Z","level":"info","msg":"http","method":"GET","path":"/1b0f7c15/insertion-runs","status":200,"ms":1}
{"ts":"2026-03-12T19:23:49.218Z","level":"info","msg":"http","method":"GET","path":"/1b0f7c15/insertion-runs/irun_3c5ff0c8-710","status":200,"ms":2}
{"ts":"2026-03-12T19:23:49.220Z","level":"info","msg":"http","method":"GET","path":"/1b0f7c15/insertion-runs/irun_3c5ff0c8-710/replay-package","status":200,"ms":2}
{"ts":"2026-03-12T19:23:49.221Z","level":"info","msg":"http","method":"GET","path":"/0e4c9dbd/insertion-runs/irun_3c5ff0c8-710","status":404,"ms":1}
{"ts":"2026-03-12T19:23:49.224Z","level":"info","msg":"http","method":"DELETE","path":"/1b0f7c15","status":200,"ms":2}
{"ts":"2026-03-12T19:23:49.225Z","level":"info","msg":"http","method":"DELETE","path":"/0e4c9dbd","status":200,"ms":1}
{"ts":"2026-03-12T19:49:12.240Z","level":"info","msg":"file-logger:init","logFile":"C:\\Users\\ccres\\OneDrive\\Desktop\\cacc-writer\\logs\\cacc-2026-03-12.log"}
{"ts":"2026-03-12T19:49:12.241Z","level":"info","msg":"audit-logger:init","status":"ready"}
{"ts":"2026-03-12T19:49:12.657Z","level":"info","msg":"http","method":"GET","path":"/health","status":200,"ms":3}
{"ts":"2026-03-12T19:49:12.678Z","level":"info","msg":"http","method":"POST","path":"/","status":200,"ms":4}
{"ts":"2026-03-12T19:49:12.713Z","level":"info","msg":"http","method":"POST","path":"/generation/regenerate-section","status":409,"ms":22}
{"ts":"2026-03-12T19:49:12.718Z","level":"info","msg":"http","method":"DELETE","path":"/1dab2e8c","status":200,"ms":3}
