{"ts":"2026-03-11T15:24:19.307Z","level":"info","msg":"file-logger:init","logFile":"C:\\Users\\ccres\\OneDrive\\Desktop\\cacc-writer\\logs\\cacc-2026-03-11.log"}
{"ts":"2026-03-11T15:24:19.308Z","level":"info","msg":"audit-logger:init","status":"ready"}
{"ts":"2026-03-11T15:24:19.568Z","level":"info","msg":"http","method":"GET","path":"/health","status":200,"ms":7}
{"ts":"2026-03-11T15:24:19.597Z","level":"info","msg":"http","method":"POST","path":"/generate","status":400,"ms":1}
{"ts":"2026-03-11T15:24:19.653Z","level":"info","msg":"http","method":"POST","path":"/","status":200,"ms":50}
{"ts":"2026-03-11T15:24:19.661Z","level":"info","msg":"http","method":"POST","path":"/api/cases/e5895597/review-section","status":400,"ms":5}
{"ts":"2026-03-11T15:24:19.667Z","level":"info","msg":"http","method":"DELETE","path":"/e5895597","status":200,"ms":4}
{"ts":"2026-03-11T15:24:35.345Z","level":"info","msg":"file-logger:init","logFile":"C:\\Users\\ccres\\OneDrive\\Desktop\\cacc-writer\\logs\\cacc-2026-03-11.log"}
{"ts":"2026-03-11T15:24:35.346Z","level":"info","msg":"audit-logger:init","status":"ready"}
{"ts":"2026-03-11T15:24:35.676Z","level":"info","msg":"http","method":"GET","path":"/health","status":200,"ms":6}
{"ts":"2026-03-11T15:24:35.687Z","level":"info","msg":"http","method":"GET","path":"/health","status":200,"ms":1}
{"ts":"2026-03-11T15:24:35.693Z","level":"info","msg":"http","method":"GET","path":"/forms","status":200,"ms":1}
{"ts":"2026-03-11T15:24:35.696Z","level":"info","msg":"http","method":"GET","path":"/forms/1004","status":200,"ms":1}
{"ts":"2026-03-11T15:24:35.700Z","level":"info","msg":"http","method":"GET","path":"/forms/9999","status":404,"ms":0}
{"ts":"2026-03-11T15:24:35.737Z","level":"info","msg":"http","method":"POST","path":"/create","status":200,"ms":12}
{"ts":"2026-03-11T15:24:35.809Z","level":"info","msg":"http","method":"GET","path":"/","status":200,"ms":70}
{"ts":"2026-03-11T15:24:35.815Z","level":"info","msg":"http","method":"GET","path":"/4b84fdf5","status":200,"ms":2}
{"ts":"2026-03-11T15:24:35.825Z","level":"info","msg":"http","method":"PATCH","path":"/4b84fdf5","status":200,"ms":4}
{"ts":"2026-03-11T15:24:35.829Z","level":"info","msg":"http","method":"GET","path":"/notavalidid","status":400,"ms":1}
{"ts":"2026-03-11T15:24:35.835Z","level":"info","msg":"http","method":"PATCH","path":"/4b84fdf5/pipeline","status":200,"ms":3}
{"ts":"2026-03-11T15:24:35.841Z","level":"info","msg":"http","method":"PATCH","path":"/4b84fdf5/pipeline","status":400,"ms":2}
{"ts":"2026-03-11T15:24:35.846Z","level":"info","msg":"http","method":"PATCH","path":"/4b84fdf5/status","status":200,"ms":3}
{"ts":"2026-03-11T15:24:35.854Z","level":"info","msg":"http","method":"PUT","path":"/4b84fdf5/facts","status":200,"ms":6}
{"ts":"2026-03-11T15:24:35.875Z","level":"info","msg":"http","method":"POST","path":"/api/cases/4b84fdf5/feedback","status":200,"ms":18}
{"ts":"2026-03-11T15:24:35.881Z","level":"info","msg":"http","method":"POST","path":"/api/cases/4b84fdf5/feedback","status":400,"ms":3}
{"ts":"2026-03-11T15:24:35.887Z","level":"info","msg":"http","method":"GET","path":"/kb/status","status":200,"ms":4}
{"ts":"2026-03-11T15:24:35.986Z","level":"info","msg":"http","method":"POST","path":"/kb/reindex","status":200,"ms":96}
{"ts":"2026-03-11T15:24:35.990Z","level":"info","msg":"http","method":"GET","path":"/4b84fdf5/history","status":200,"ms":2}
{"ts":"2026-03-11T15:24:35.993Z","level":"info","msg":"http","method":"GET","path":"/templates/neighborhood","status":200,"ms":2}
{"ts":"2026-03-11T15:24:36.055Z","level":"info","msg":"http","method":"GET","path":"/agents/status","status":200,"ms":61}
{"ts":"2026-03-11T15:24:36.059Z","level":"info","msg":"http","method":"POST","path":"/generate","status":400,"ms":1}
{"ts":"2026-03-11T15:24:36.064Z","level":"info","msg":"http","method":"POST","path":"/generate-batch","status":400,"ms":1}
{"ts":"2026-03-11T15:24:36.067Z","level":"info","msg":"http","method":"POST","path":"/api/cases/4b84fdf5/review-section","status":400,"ms":2}
{"ts":"2026-03-11T15:24:36.073Z","level":"info","msg":"http","method":"POST","path":"/api/cases/4b84fdf5/insert-all","status":400,"ms":4}
{"ts":"2026-03-11T15:24:36.076Z","level":"info","msg":"http","method":"GET","path":"/voice/examples","status":200,"ms":1}
{"ts":"2026-03-11T15:24:36.083Z","level":"info","msg":"http","method":"GET","path":"/voice/folder-status","status":200,"ms":3}
{"ts":"2026-03-11T15:24:36.090Z","level":"info","msg":"http","method":"DELETE","path":"/4b84fdf5","status":200,"ms":6}
{"ts":"2026-03-11T15:24:36.092Z","level":"info","msg":"http","method":"GET","path":"/4b84fdf5","status":404,"ms":1}
{"ts":"2026-03-11T15:28:56.320Z","level":"info","msg":"file-logger:init","logFile":"C:\\Users\\ccres\\OneDrive\\Desktop\\cacc-writer\\logs\\cacc-2026-03-11.log"}
{"ts":"2026-03-11T15:28:56.321Z","level":"info","msg":"audit-logger:init","status":"ready"}
{"ts":"2026-03-11T15:28:56.691Z","level":"info","msg":"http","method":"GET","path":"/health","status":200,"ms":6}
{"ts":"2026-03-11T15:28:56.701Z","level":"info","msg":"http","method":"GET","path":"/health","status":200,"ms":1}
{"ts":"2026-03-11T15:28:56.708Z","level":"info","msg":"http","method":"GET","path":"/forms","status":200,"ms":1}
{"ts":"2026-03-11T15:28:56.711Z","level":"info","msg":"http","method":"GET","path":"/forms/1004","status":200,"ms":1}
{"ts":"2026-03-11T15:28:56.714Z","level":"info","msg":"http","method":"GET","path":"/forms/9999","status":404,"ms":1}
{"ts":"2026-03-11T15:28:56.752Z","level":"info","msg":"http","method":"POST","path":"/create","status":200,"ms":12}
{"ts":"2026-03-11T15:28:56.833Z","level":"info","msg":"http","method":"GET","path":"/","status":200,"ms":78}
{"ts":"2026-03-11T15:28:56.840Z","level":"info","msg":"http","method":"GET","path":"/b81c02cf","status":200,"ms":3}
{"ts":"2026-03-11T15:28:56.848Z","level":"info","msg":"http","method":"PATCH","path":"/b81c02cf","status":200,"ms":4}
{"ts":"2026-03-11T15:28:56.852Z","level":"info","msg":"http","method":"GET","path":"/notavalidid","status":400,"ms":1}
{"ts":"2026-03-11T15:28:56.858Z","level":"info","msg":"http","method":"PATCH","path":"/b81c02cf/pipeline","status":200,"ms":3}
{"ts":"2026-03-11T15:28:56.863Z","level":"info","msg":"http","method":"PATCH","path":"/b81c02cf/pipeline","status":400,"ms":1}
{"ts":"2026-03-11T15:28:56.871Z","level":"info","msg":"http","method":"PATCH","path":"/b81c02cf/status","status":200,"ms":3}
{"ts":"2026-03-11T15:28:56.879Z","level":"info","msg":"http","method":"PUT","path":"/b81c02cf/facts","status":200,"ms":5}
{"ts":"2026-03-11T15:28:56.896Z","level":"info","msg":"http","method":"POST","path":"/api/cases/b81c02cf/feedback","status":200,"ms":15}
{"ts":"2026-03-11T15:28:56.903Z","level":"info","msg":"http","method":"POST","path":"/api/cases/b81c02cf/feedback","status":400,"ms":5}
{"ts":"2026-03-11T15:28:56.908Z","level":"info","msg":"http","method":"GET","path":"/kb/status","status":200,"ms":4}
{"ts":"2026-03-11T15:28:56.977Z","level":"info","msg":"http","method":"POST","path":"/kb/reindex","status":200,"ms":66}
{"ts":"2026-03-11T15:28:56.980Z","level":"info","msg":"http","method":"GET","path":"/b81c02cf/history","status":200,"ms":1}
{"ts":"2026-03-11T15:28:56.982Z","level":"info","msg":"http","method":"GET","path":"/templates/neighborhood","status":200,"ms":1}
{"ts":"2026-03-11T15:28:57.042Z","level":"info","msg":"http","method":"GET","path":"/agents/status","status":200,"ms":59}
{"ts":"2026-03-11T15:28:57.047Z","level":"info","msg":"http","method":"POST","path":"/generate","status":400,"ms":1}
{"ts":"2026-03-11T15:28:57.050Z","level":"info","msg":"http","method":"POST","path":"/generate-batch","status":400,"ms":1}
{"ts":"2026-03-11T15:28:57.054Z","level":"info","msg":"http","method":"POST","path":"/api/cases/b81c02cf/review-section","status":400,"ms":1}
{"ts":"2026-03-11T15:28:57.059Z","level":"info","msg":"http","method":"POST","path":"/api/cases/b81c02cf/insert-all","status":400,"ms":2}
{"ts":"2026-03-11T15:28:57.076Z","level":"info","msg":"http","method":"GET","path":"/workflow/health","status":200,"ms":15}
{"ts":"2026-03-11T15:28:57.079Z","level":"info","msg":"http","method":"POST","path":"/workflow/run","status":400,"ms":1}
{"ts":"2026-03-11T15:28:57.082Z","level":"info","msg":"http","method":"POST","path":"/workflow/run-batch","status":400,"ms":1}
{"ts":"2026-03-11T15:28:57.085Z","level":"info","msg":"http","method":"POST","path":"/workflow/ingest-pdf","status":400,"ms":1}
{"ts":"2026-03-11T15:28:57.088Z","level":"info","msg":"http","method":"GET","path":"/voice/examples","status":200,"ms":1}
{"ts":"2026-03-11T15:28:57.094Z","level":"info","msg":"http","method":"GET","path":"/voice/folder-status","status":200,"ms":2}
{"ts":"2026-03-11T15:28:57.100Z","level":"info","msg":"http","method":"DELETE","path":"/b81c02cf","status":200,"ms":5}
{"ts":"2026-03-11T15:28:57.103Z","level":"info","msg":"http","method":"GET","path":"/b81c02cf","status":404,"ms":2}
{"ts":"2026-03-11T15:34:00.538Z","level":"info","msg":"file-logger:init","logFile":"C:\\Users\\ccres\\OneDrive\\Desktop\\cacc-writer\\logs\\cacc-2026-03-11.log"}
{"ts":"2026-03-11T15:34:00.539Z","level":"info","msg":"audit-logger:init","status":"ready"}
{"ts":"2026-03-11T15:34:00.619Z","level":"info","msg":"http","method":"GET","path":"/health","status":200,"ms":5}
{"ts":"2026-03-11T15:34:00.646Z","level":"info","msg":"http","method":"POST","path":"/generate","status":400,"ms":2}
{"ts":"2026-03-11T15:34:00.662Z","level":"info","msg":"http","method":"POST","path":"/","status":200,"ms":12}
{"ts":"2026-03-11T15:34:00.670Z","level":"info","msg":"http","method":"POST","path":"/api/cases/dc2698e6/review-section","status":400,"ms":5}
{"ts":"2026-03-11T15:34:00.675Z","level":"info","msg":"http","method":"DELETE","path":"/dc2698e6","status":200,"ms":4}
{"ts":"2026-03-11T15:34:16.018Z","level":"info","msg":"file-logger:init","logFile":"C:\\Users\\ccres\\OneDrive\\Desktop\\cacc-writer\\logs\\cacc-2026-03-11.log"}
{"ts":"2026-03-11T15:34:16.019Z","level":"info","msg":"audit-logger:init","status":"ready"}
{"ts":"2026-03-11T15:34:16.494Z","level":"info","msg":"http","method":"GET","path":"/health","status":200,"ms":6}
{"ts":"2026-03-11T15:34:16.506Z","level":"info","msg":"http","method":"GET","path":"/health","status":200,"ms":1}
{"ts":"2026-03-11T15:34:16.512Z","level":"info","msg":"http","method":"GET","path":"/forms","status":200,"ms":1}
{"ts":"2026-03-11T15:34:16.515Z","level":"info","msg":"http","method":"GET","path":"/forms/1004","status":200,"ms":1}
{"ts":"2026-03-11T15:34:16.521Z","level":"info","msg":"http","method":"GET","path":"/forms/9999","status":404,"ms":1}
{"ts":"2026-03-11T15:34:16.555Z","level":"info","msg":"http","method":"POST","path":"/create","status":200,"ms":12}
{"ts":"2026-03-11T15:34:16.632Z","level":"info","msg":"http","method":"GET","path":"/","status":200,"ms":74}
{"ts":"2026-03-11T15:34:16.638Z","level":"info","msg":"http","method":"GET","path":"/16e1f8a7","status":200,"ms":2}
{"ts":"2026-03-11T15:34:16.645Z","level":"info","msg":"http","method":"PATCH","path":"/16e1f8a7","status":200,"ms":4}
{"ts":"2026-03-11T15:34:16.647Z","level":"info","msg":"http","method":"GET","path":"/notavalidid","status":400,"ms":0}
{"ts":"2026-03-11T15:34:16.653Z","level":"info","msg":"http","method":"PATCH","path":"/16e1f8a7/pipeline","status":200,"ms":3}
{"ts":"2026-03-11T15:34:16.658Z","level":"info","msg":"http","method":"PATCH","path":"/16e1f8a7/pipeline","status":400,"ms":2}
{"ts":"2026-03-11T15:34:16.663Z","level":"info","msg":"http","method":"PATCH","path":"/16e1f8a7/status","status":200,"ms":3}
{"ts":"2026-03-11T15:34:16.670Z","level":"info","msg":"http","method":"PUT","path":"/16e1f8a7/facts","status":200,"ms":5}
{"ts":"2026-03-11T15:34:16.683Z","level":"info","msg":"http","method":"POST","path":"/api/cases/16e1f8a7/feedback","status":200,"ms":11}
{"ts":"2026-03-11T15:34:16.689Z","level":"info","msg":"http","method":"POST","path":"/api/cases/16e1f8a7/feedback","status":400,"ms":4}
{"ts":"2026-03-11T15:34:16.695Z","level":"info","msg":"http","method":"GET","path":"/kb/status","status":200,"ms":4}
{"ts":"2026-03-11T15:34:16.761Z","level":"info","msg":"http","method":"POST","path":"/kb/reindex","status":200,"ms":64}
{"ts":"2026-03-11T15:34:16.763Z","level":"info","msg":"http","method":"GET","path":"/16e1f8a7/history","status":200,"ms":1}
{"ts":"2026-03-11T15:34:16.766Z","level":"info","msg":"http","method":"GET","path":"/templates/neighborhood","status":200,"ms":1}
{"ts":"2026-03-11T15:34:16.824Z","level":"info","msg":"http","method":"GET","path":"/agents/status","status":200,"ms":57}
{"ts":"2026-03-11T15:34:16.827Z","level":"info","msg":"http","method":"POST","path":"/generate","status":400,"ms":1}
{"ts":"2026-03-11T15:34:16.830Z","level":"info","msg":"http","method":"POST","path":"/generate-batch","status":400,"ms":1}
{"ts":"2026-03-11T15:34:16.834Z","level":"info","msg":"http","method":"POST","path":"/api/cases/16e1f8a7/review-section","status":400,"ms":1}
{"ts":"2026-03-11T15:34:16.837Z","level":"info","msg":"http","method":"POST","path":"/api/cases/16e1f8a7/insert-all","status":400,"ms":2}
{"ts":"2026-03-11T15:34:16.847Z","level":"info","msg":"http","method":"GET","path":"/workflow/health","status":200,"ms":9}
{"ts":"2026-03-11T15:34:16.851Z","level":"info","msg":"http","method":"POST","path":"/workflow/run","status":400,"ms":1}
{"ts":"2026-03-11T15:34:16.854Z","level":"info","msg":"http","method":"POST","path":"/workflow/run-batch","status":400,"ms":1}
{"ts":"2026-03-11T15:34:16.858Z","level":"info","msg":"http","method":"POST","path":"/workflow/ingest-pdf","status":400,"ms":1}
{"ts":"2026-03-11T15:34:16.861Z","level":"info","msg":"http","method":"GET","path":"/voice/examples","status":200,"ms":1}
{"ts":"2026-03-11T15:34:16.865Z","level":"info","msg":"http","method":"GET","path":"/voice/folder-status","status":200,"ms":2}
{"ts":"2026-03-11T15:34:16.869Z","level":"info","msg":"http","method":"DELETE","path":"/16e1f8a7","status":200,"ms":3}
{"ts":"2026-03-11T15:34:16.871Z","level":"info","msg":"http","method":"GET","path":"/16e1f8a7","status":404,"ms":1}
{"ts":"2026-03-11T15:43:40.006Z","level":"info","msg":"file-logger:init","logFile":"C:\\Users\\ccres\\OneDrive\\Desktop\\cacc-writer\\logs\\cacc-2026-03-11.log"}
{"ts":"2026-03-11T15:43:40.006Z","level":"info","msg":"audit-logger:init","status":"ready"}
{"ts":"2026-03-11T15:43:40.090Z","level":"info","msg":"http","method":"GET","path":"/health","status":200,"ms":4}
{"ts":"2026-03-11T15:43:40.115Z","level":"info","msg":"http","method":"POST","path":"/generate","status":400,"ms":2}
{"ts":"2026-03-11T15:43:40.131Z","level":"info","msg":"http","method":"POST","path":"/","status":200,"ms":11}
{"ts":"2026-03-11T15:43:40.138Z","level":"info","msg":"http","method":"POST","path":"/api/cases/6068bf91/review-section","status":400,"ms":3}
{"ts":"2026-03-11T15:43:40.146Z","level":"info","msg":"http","method":"DELETE","path":"/6068bf91","status":200,"ms":6}
{"ts":"2026-03-11T15:43:52.943Z","level":"info","msg":"file-logger:init","logFile":"C:\\Users\\ccres\\OneDrive\\Desktop\\cacc-writer\\logs\\cacc-2026-03-11.log"}
{"ts":"2026-03-11T15:43:52.944Z","level":"info","msg":"audit-logger:init","status":"ready"}
{"ts":"2026-03-11T15:43:53.405Z","level":"info","msg":"http","method":"GET","path":"/health","status":200,"ms":4}
{"ts":"2026-03-11T15:43:53.414Z","level":"info","msg":"http","method":"GET","path":"/health","status":200,"ms":1}
{"ts":"2026-03-11T15:43:53.420Z","level":"info","msg":"http","method":"GET","path":"/forms","status":200,"ms":1}
{"ts":"2026-03-11T15:43:53.422Z","level":"info","msg":"http","method":"GET","path":"/forms/1004","status":200,"ms":0}
{"ts":"2026-03-11T15:43:53.426Z","level":"info","msg":"http","method":"GET","path":"/forms/9999","status":404,"ms":0}
{"ts":"2026-03-11T15:43:53.461Z","level":"info","msg":"http","method":"POST","path":"/create","status":200,"ms":15}
{"ts":"2026-03-11T15:43:53.527Z","level":"info","msg":"http","method":"GET","path":"/","status":200,"ms":64}
{"ts":"2026-03-11T15:43:53.532Z","level":"info","msg":"http","method":"GET","path":"/18f4078e","status":200,"ms":2}
{"ts":"2026-03-11T15:43:53.540Z","level":"info","msg":"http","method":"PATCH","path":"/18f4078e","status":200,"ms":3}
{"ts":"2026-03-11T15:43:53.543Z","level":"info","msg":"http","method":"GET","path":"/notavalidid","status":400,"ms":1}
{"ts":"2026-03-11T15:43:53.547Z","level":"info","msg":"http","method":"PATCH","path":"/18f4078e/pipeline","status":200,"ms":2}
{"ts":"2026-03-11T15:43:53.552Z","level":"info","msg":"http","method":"PATCH","path":"/18f4078e/pipeline","status":400,"ms":2}
{"ts":"2026-03-11T15:43:53.557Z","level":"info","msg":"http","method":"PATCH","path":"/18f4078e/status","status":200,"ms":3}
{"ts":"2026-03-11T15:43:53.563Z","level":"info","msg":"http","method":"PUT","path":"/18f4078e/facts","status":200,"ms":3}
{"ts":"2026-03-11T15:43:53.578Z","level":"info","msg":"http","method":"POST","path":"/api/cases/18f4078e/feedback","status":200,"ms":13}
{"ts":"2026-03-11T15:43:53.584Z","level":"info","msg":"http","method":"POST","path":"/api/cases/18f4078e/feedback","status":400,"ms":4}
{"ts":"2026-03-11T15:43:53.588Z","level":"info","msg":"http","method":"GET","path":"/kb/status","status":200,"ms":3}
{"ts":"2026-03-11T15:43:53.653Z","level":"info","msg":"http","method":"POST","path":"/kb/reindex","status":200,"ms":63}
{"ts":"2026-03-11T15:43:53.655Z","level":"info","msg":"http","method":"GET","path":"/18f4078e/history","status":200,"ms":1}
{"ts":"2026-03-11T15:43:53.658Z","level":"info","msg":"http","method":"GET","path":"/templates/neighborhood","status":200,"ms":2}
{"ts":"2026-03-11T15:43:53.713Z","level":"info","msg":"http","method":"GET","path":"/agents/status","status":200,"ms":54}
{"ts":"2026-03-11T15:43:53.717Z","level":"info","msg":"http","method":"POST","path":"/generate","status":400,"ms":1}
{"ts":"2026-03-11T15:43:53.720Z","level":"info","msg":"http","method":"POST","path":"/generate-batch","status":400,"ms":0}
{"ts":"2026-03-11T15:43:53.722Z","level":"info","msg":"http","method":"POST","path":"/api/cases/18f4078e/review-section","status":400,"ms":1}
{"ts":"2026-03-11T15:43:53.726Z","level":"info","msg":"http","method":"POST","path":"/api/cases/18f4078e/insert-all","status":400,"ms":3}
{"ts":"2026-03-11T15:43:53.737Z","level":"info","msg":"http","method":"GET","path":"/workflow/health","status":200,"ms":10}
{"ts":"2026-03-11T15:43:53.739Z","level":"info","msg":"http","method":"POST","path":"/workflow/run","status":400,"ms":0}
{"ts":"2026-03-11T15:43:53.743Z","level":"info","msg":"http","method":"POST","path":"/workflow/run-batch","status":400,"ms":1}
{"ts":"2026-03-11T15:43:53.745Z","level":"info","msg":"http","method":"POST","path":"/workflow/ingest-pdf","status":400,"ms":1}
{"ts":"2026-03-11T15:43:53.747Z","level":"info","msg":"http","method":"GET","path":"/voice/examples","status":200,"ms":1}
{"ts":"2026-03-11T15:43:53.753Z","level":"info","msg":"http","method":"GET","path":"/voice/folder-status","status":200,"ms":3}
{"ts":"2026-03-11T15:43:53.759Z","level":"info","msg":"http","method":"DELETE","path":"/18f4078e","status":200,"ms":5}
{"ts":"2026-03-11T15:43:53.761Z","level":"info","msg":"http","method":"GET","path":"/18f4078e","status":404,"ms":1}
{"ts":"2026-03-11T15:46:02.942Z","level":"info","msg":"file-logger:init","logFile":"C:\\Users\\ccres\\OneDrive\\Desktop\\cacc-writer\\logs\\cacc-2026-03-11.log"}
{"ts":"2026-03-11T15:46:02.942Z","level":"info","msg":"audit-logger:init","status":"ready"}
{"ts":"2026-03-11T15:46:02.985Z","level":"info","msg":"http","method":"GET","path":"/health","status":200,"ms":4}
{"ts":"2026-03-11T15:46:02.994Z","level":"info","msg":"http","method":"GET","path":"/health","status":200,"ms":1}
{"ts":"2026-03-11T15:46:02.999Z","level":"info","msg":"http","method":"GET","path":"/forms","status":200,"ms":1}
{"ts":"2026-03-11T15:46:03.002Z","level":"info","msg":"http","method":"GET","path":"/forms/1004","status":200,"ms":1}
{"ts":"2026-03-11T15:46:03.005Z","level":"info","msg":"http","method":"GET","path":"/forms/9999","status":404,"ms":1}
{"ts":"2026-03-11T15:46:03.036Z","level":"info","msg":"http","method":"POST","path":"/create","status":200,"ms":12}
{"ts":"2026-03-11T15:46:03.119Z","level":"info","msg":"http","method":"GET","path":"/","status":200,"ms":80}
{"ts":"2026-03-11T15:46:03.124Z","level":"info","msg":"http","method":"GET","path":"/8c314038","status":200,"ms":2}
{"ts":"2026-03-11T15:46:03.131Z","level":"info","msg":"http","method":"PATCH","path":"/8c314038","status":200,"ms":3}
{"ts":"2026-03-11T15:46:03.134Z","level":"info","msg":"http","method":"GET","path":"/notavalidid","status":400,"ms":1}
{"ts":"2026-03-11T15:46:03.140Z","level":"info","msg":"http","method":"PATCH","path":"/8c314038/pipeline","status":200,"ms":3}
{"ts":"2026-03-11T15:46:03.143Z","level":"info","msg":"http","method":"PATCH","path":"/8c314038/pipeline","status":400,"ms":1}
{"ts":"2026-03-11T15:46:03.148Z","level":"info","msg":"http","method":"PATCH","path":"/8c314038/status","status":200,"ms":3}
{"ts":"2026-03-11T15:46:03.154Z","level":"info","msg":"http","method":"PUT","path":"/8c314038/facts","status":200,"ms":4}
{"ts":"2026-03-11T15:46:03.166Z","level":"info","msg":"http","method":"POST","path":"/api/cases/8c314038/feedback","status":200,"ms":10}
{"ts":"2026-03-11T15:46:03.172Z","level":"info","msg":"http","method":"POST","path":"/api/cases/8c314038/feedback","status":400,"ms":4}
{"ts":"2026-03-11T15:46:03.176Z","level":"info","msg":"http","method":"GET","path":"/kb/status","status":200,"ms":3}
{"ts":"2026-03-11T15:46:03.230Z","level":"info","msg":"http","method":"POST","path":"/kb/reindex","status":200,"ms":52}
{"ts":"2026-03-11T15:46:03.232Z","level":"info","msg":"http","method":"GET","path":"/8c314038/history","status":200,"ms":1}
{"ts":"2026-03-11T15:46:03.234Z","level":"info","msg":"http","method":"GET","path":"/templates/neighborhood","status":200,"ms":1}
{"ts":"2026-03-11T15:46:03.289Z","level":"info","msg":"http","method":"GET","path":"/agents/status","status":200,"ms":53}
{"ts":"2026-03-11T15:46:03.292Z","level":"info","msg":"http","method":"POST","path":"/generate","status":400,"ms":0}
{"ts":"2026-03-11T15:46:03.295Z","level":"info","msg":"http","method":"POST","path":"/generate-batch","status":400,"ms":0}
{"ts":"2026-03-11T15:46:03.298Z","level":"info","msg":"http","method":"POST","path":"/api/cases/8c314038/review-section","status":400,"ms":1}
{"ts":"2026-03-11T15:46:03.303Z","level":"info","msg":"http","method":"POST","path":"/api/cases/8c314038/insert-all","status":400,"ms":3}
{"ts":"2026-03-11T15:46:03.314Z","level":"info","msg":"http","method":"GET","path":"/workflow/health","status":200,"ms":10}
{"ts":"2026-03-11T15:46:03.316Z","level":"info","msg":"http","method":"POST","path":"/workflow/run","status":400,"ms":1}
{"ts":"2026-03-11T15:46:03.319Z","level":"info","msg":"http","method":"POST","path":"/workflow/run-batch","status":400,"ms":1}
{"ts":"2026-03-11T15:46:03.322Z","level":"info","msg":"http","method":"POST","path":"/workflow/ingest-pdf","status":400,"ms":1}
{"ts":"2026-03-11T15:46:03.324Z","level":"info","msg":"http","method":"GET","path":"/voice/examples","status":200,"ms":1}
{"ts":"2026-03-11T15:46:03.328Z","level":"info","msg":"http","method":"GET","path":"/voice/folder-status","status":200,"ms":2}
{"ts":"2026-03-11T15:46:03.332Z","level":"info","msg":"http","method":"DELETE","path":"/8c314038","status":200,"ms":3}
{"ts":"2026-03-11T15:46:03.334Z","level":"info","msg":"http","method":"GET","path":"/8c314038","status":404,"ms":1}
